Connecting to database specified by database.yml
Connecting to database specified by database.yml
Connecting to database specified by database.yml
Connecting to database specified by database.yml
  [1m[36m (24.7ms)[0m  [1mCREATE TABLE `schema_migrations` (`version` varchar(255) NOT NULL) ENGINE=InnoDB[0m
  [1m[35m (27.5ms)[0m  CREATE UNIQUE INDEX `unique_schema_migrations` ON `schema_migrations` (`version`)
  [1m[36m (0.3ms)[0m  [1mSELECT `schema_migrations`.`version` FROM `schema_migrations` [0m
Migrating to CreateSpdxDocs (20130304200222)
Connecting to database specified by database.yml
  [1m[36m (0.4ms)[0m  [1mSELECT `schema_migrations`.`version` FROM `schema_migrations` [0m
Migrating to CreateSpdxDocs (20130304200222)
  [1m[35m (7.5ms)[0m  CREATE TABLE `spdx_docs` (`id` int(11) DEFAULT NULL auto_increment PRIMARY KEY, `spec_version` varchar(255), `data_license` varchar(255), `comment_id` int(11), `created_at` datetime NOT NULL, `updated_at` datetime NOT NULL) ENGINE=InnoDB
  [1m[36m (3.2ms)[0m  [1mINSERT INTO `schema_migrations` (`version`) VALUES ('20130304200222')[0m
  [1m[35m (0.3ms)[0m  SELECT `schema_migrations`.`version` FROM `schema_migrations` 
Connecting to database specified by database.yml
Connecting to database specified by database.yml
  [1m[36m (0.3ms)[0m  [1mSELECT `schema_migrations`.`version` FROM `schema_migrations` [0m
Migrating to CreateSpdxDocs (20130304200222)
Migrating to CreatePackages (20130304202129)
  [1m[35m (17.8ms)[0m  CREATE TABLE `packages` (`id` int(11) DEFAULT NULL auto_increment PRIMARY KEY, `spdx_doc_id` int(11), `name` varchar(255), `filename` varchar(255), `download_location` varchar(255), `checksum_id` int(11), `copyright` text, `version` varchar(255), `description` text, `summary` text, `originator` varchar(255), `supplier` varchar(255), `created_at` datetime NOT NULL, `updated_at` datetime NOT NULL) ENGINE=InnoDB
  [1m[36m (0.9ms)[0m  [1mINSERT INTO `schema_migrations` (`version`) VALUES ('20130304202129')[0m
  [1m[35m (0.2ms)[0m  SELECT `schema_migrations`.`version` FROM `schema_migrations` 
Connecting to database specified by database.yml
  [1m[36m (0.3ms)[0m  [1mSELECT `schema_migrations`.`version` FROM `schema_migrations` [0m
  [1m[35m (0.2ms)[0m  SELECT `schema_migrations`.`version` FROM `schema_migrations` 
Migrating to CreatePackages (20130304202129)
  [1m[36m (3.6ms)[0m  [1mDROP TABLE `packages`[0m
  [1m[35m (3.9ms)[0m  DELETE FROM `schema_migrations` WHERE `schema_migrations`.`version` = '20130304202129'
  [1m[36m (0.3ms)[0m  [1mSELECT `schema_migrations`.`version` FROM `schema_migrations` [0m
Connecting to database specified by database.yml
  [1m[36m (0.3ms)[0m  [1mSELECT `schema_migrations`.`version` FROM `schema_migrations` [0m
Migrating to CreateSpdxDocs (20130304200222)
Migrating to CreatePackages (20130304202129)
  [1m[35m (11.6ms)[0m  CREATE TABLE `packages` (`id` int(11) DEFAULT NULL auto_increment PRIMARY KEY, `spdx_doc_id` int(11), `name` varchar(255), `filename` varchar(255), `download_location` varchar(255), `checksum_id` int(11), `copyright` text, `version` varchar(255), `description` text, `summary` text, `originator` varchar(255), `supplier` varchar(255), `created_at` datetime NOT NULL, `updated_at` datetime NOT NULL) ENGINE=InnoDB
  [1m[36m (1.3ms)[0m  [1mINSERT INTO `schema_migrations` (`version`) VALUES ('20130304202129')[0m
  [1m[35m (0.3ms)[0m  SELECT `schema_migrations`.`version` FROM `schema_migrations` 
Connecting to database specified by database.yml
Connecting to database specified by database.yml
Connecting to database specified by database.yml
Connecting to database specified by database.yml
  [1m[36m (5.2ms)[0m  [1mSELECT `schema_migrations`.`version` FROM `schema_migrations` [0m
Migrating to CreateSpdxDocs (20130304200222)
Migrating to CreatePackages (20130304202129)
Migrating to CreateChecksums (20130304203151)
  [1m[35m (12.3ms)[0m  CREATE TABLE `checksums` (`id` int(11) DEFAULT NULL auto_increment PRIMARY KEY, `owner_id` int(11), `owner_type` varchar(255), `algorithm` varchar(255), `value` varchar(255), `created_at` datetime NOT NULL, `updated_at` datetime NOT NULL) ENGINE=InnoDB
  [1m[36m (0.6ms)[0m  [1mINSERT INTO `schema_migrations` (`version`) VALUES ('20130304203151')[0m
  [1m[35m (0.2ms)[0m  SELECT `schema_migrations`.`version` FROM `schema_migrations` 
Connecting to database specified by database.yml


Started GET "/assets/rails.png" for 127.0.0.1 at 2013-03-04 14:37:29 -0600
Connecting to database specified by database.yml
Served asset /rails.png - 200 OK (5ms)


Started GET "/" for 127.0.0.1 at 2013-03-04 14:38:57 -0600
Processing by SpdxDocsController#index as HTML
  [1m[36mSpdxDoc Load (0.2ms)[0m  [1mSELECT `spdx_docs`.* FROM `spdx_docs` [0m
  Rendered spdx_docs/index.html.erb within layouts/application (10.3ms)
Compiled scaffolds.css  (53ms)  (pid 79008)
Compiled spdx_docs.css  (1ms)  (pid 79008)
Compiled application.css  (69ms)  (pid 79008)
Compiled jquery.js  (2ms)  (pid 79008)
Compiled jquery_ujs.js  (0ms)  (pid 79008)
Compiled spdx_docs.js  (298ms)  (pid 79008)
Compiled application.js  (366ms)  (pid 79008)
Completed 200 OK in 650ms (Views: 568.7ms | ActiveRecord: 4.3ms)


Started GET "/assets/scaffolds.css?body=1" for 127.0.0.1 at 2013-03-04 14:38:58 -0600
Served asset /scaffolds.css - 200 OK (3ms)


Started GET "/assets/application.css?body=1" for 127.0.0.1 at 2013-03-04 14:38:58 -0600
Served asset /application.css - 200 OK (7ms)


Started GET "/assets/spdx_docs.js?body=1" for 127.0.0.1 at 2013-03-04 14:38:58 -0600
Served asset /spdx_docs.js - 200 OK (2ms)


Started GET "/assets/jquery.js?body=1" for 127.0.0.1 at 2013-03-04 14:38:58 -0600
Served asset /jquery.js - 200 OK (3ms)


Started GET "/assets/spdx_docs.css?body=1" for 127.0.0.1 at 2013-03-04 14:38:58 -0600
Served asset /spdx_docs.css - 200 OK (4ms)


Started GET "/assets/jquery_ujs.js?body=1" for 127.0.0.1 at 2013-03-04 14:38:58 -0600
Served asset /jquery_ujs.js - 200 OK (3ms)


Started GET "/assets/application.js?body=1" for 127.0.0.1 at 2013-03-04 14:38:58 -0600
Served asset /application.js - 200 OK (9ms)


Started GET "/spdx_docs/1" for 127.0.0.1 at 2013-03-04 14:39:17 -0600
Processing by SpdxDocsController#show as HTML
  Parameters: {"id"=>"1"}
  [1m[35mSpdxDoc Load (0.5ms)[0m  SELECT `spdx_docs`.* FROM `spdx_docs` WHERE `spdx_docs`.`id` = 1 LIMIT 1
  Rendered spdx_docs/show.html.erb within layouts/application (1.3ms)
Completed 200 OK in 9ms (Views: 6.4ms | ActiveRecord: 0.5ms)


Started GET "/spdx_docs/1/edit" for 127.0.0.1 at 2013-03-04 14:39:23 -0600
Processing by SpdxDocsController#edit as HTML
  Parameters: {"id"=>"1"}
  [1m[36mSpdxDoc Load (0.4ms)[0m  [1mSELECT `spdx_docs`.* FROM `spdx_docs` WHERE `spdx_docs`.`id` = 1 LIMIT 1[0m
  Rendered spdx_docs/_form.html.erb (9.5ms)
  Rendered spdx_docs/edit.html.erb within layouts/application (42.2ms)
Completed 200 OK in 48ms (Views: 46.4ms | ActiveRecord: 0.4ms)


Started GET "/spdx_docs/new" for 127.0.0.1 at 2013-03-04 14:39:30 -0600
Processing by SpdxDocsController#new as HTML
  Rendered spdx_docs/_form.html.erb (2.3ms)
  Rendered spdx_docs/new.html.erb within layouts/application (3.5ms)
Completed 200 OK in 9ms (Views: 8.7ms | ActiveRecord: 0.0ms)


Started GET "/spdx_docs/new" for 127.0.0.1 at 2013-03-04 14:42:18 -0600
Processing by SpdxDocsController#new as HTML
  Rendered spdx_docs/_form.html.erb (1.7ms)
  Rendered spdx_docs/new.html.erb within layouts/application (2.4ms)
Completed 200 OK in 7ms (Views: 6.4ms | ActiveRecord: 0.0ms)


Started POST "/spdx_docs" for 127.0.0.1 at 2013-03-04 14:42:27 -0600
Processing by SpdxDocsController#create as HTML
  Parameters: {"utf8"=>"✓", "authenticity_token"=>"wwA53FKXy1+vnS1uhsKPppmqLSwArRIix/7VA8UvcQQ=", "spdx_doc"=>{"spec_version"=>"1.2.3.4", "comment_id"=>""}, "commit"=>"Create Spdx doc"}
  [1m[35m (0.3ms)[0m  BEGIN
  [1m[36mSQL (0.4ms)[0m  [1mINSERT INTO `spdx_docs` (`comment_id`, `created_at`, `data_license`, `spec_version`, `updated_at`) VALUES (NULL, '2013-03-04 20:42:27', NULL, '1.2.3.4', '2013-03-04 20:42:27')[0m
  [1m[35m (0.3ms)[0m  COMMIT
Redirected to http://localhost:3000/spdx_docs/3
Completed 302 Found in 16ms (ActiveRecord: 1.0ms)


Started GET "/spdx_docs/3" for 127.0.0.1 at 2013-03-04 14:42:27 -0600
Processing by SpdxDocsController#show as HTML
  Parameters: {"id"=>"3"}
  [1m[36mSpdxDoc Load (0.4ms)[0m  [1mSELECT `spdx_docs`.* FROM `spdx_docs` WHERE `spdx_docs`.`id` = 3 LIMIT 1[0m
  Rendered spdx_docs/show.html.erb within layouts/application (0.5ms)
Completed 200 OK in 6ms (Views: 4.7ms | ActiveRecord: 0.4ms)
Connecting to database specified by database.yml
Connecting to database specified by database.yml
Connecting to database specified by database.yml
  [1m[36m (18.3ms)[0m  [1mSELECT `schema_migrations`.`version` FROM `schema_migrations` [0m
Migrating to CreateSpdxDocs (20130304200222)
Migrating to CreatePackages (20130304202129)
Migrating to CreateChecksums (20130304203151)
Migrating to CreateLicenses (20130306061522)
  [1m[35m (37.9ms)[0m  CREATE TABLE `licenses` (`id` int(11) DEFAULT NULL auto_increment PRIMARY KEY, `content` text, `notice` text, `name` varchar(255), `osi_approved` tinyint(1), `standard_header` text, `cross_reference` varchar(255), `created_at` datetime NOT NULL, `updated_at` datetime NOT NULL) ENGINE=InnoDB
  [1m[36m (9.5ms)[0m  [1mINSERT INTO `schema_migrations` (`version`) VALUES ('20130306061522')[0m
  [1m[35m (0.3ms)[0m  SELECT `schema_migrations`.`version` FROM `schema_migrations` 
Connecting to database specified by database.yml
Connecting to database specified by database.yml
Connecting to database specified by database.yml
Connecting to database specified by database.yml
Connecting to database specified by database.yml
  [1m[36m (0.3ms)[0m  [1mSELECT `schema_migrations`.`version` FROM `schema_migrations` [0m
Migrating to CreateSpdxDocs (20130304200222)
Migrating to CreatePackages (20130304202129)
Migrating to CreateChecksums (20130304203151)
Migrating to CreateLicenses (20130306061522)
Migrating to CreatePackageFiles (20130306063020)
  [1m[35m (14.2ms)[0m  CREATE TABLE `package_files` (`id` int(11) DEFAULT NULL auto_increment PRIMARY KEY, `package_id` int(11), `name` varchar(255), `type` varchar(255), `checksum_id` varchar(255), `copyright_text` varchar(255), `artifact_name` varchar(255), `artifact_homepage` varchar(255), `artifact_uri` varchar(255), `license_concluded_id` varchar(255), `license_declared_id` varchar(255), `created_at` datetime NOT NULL, `updated_at` datetime NOT NULL) ENGINE=InnoDB
  [1m[36m (0.4ms)[0m  [1mINSERT INTO `schema_migrations` (`version`) VALUES ('20130306063020')[0m
  [1m[35m (0.2ms)[0m  SELECT `schema_migrations`.`version` FROM `schema_migrations` 
Connecting to database specified by database.yml
Connecting to database specified by database.yml
  [1m[36m (0.3ms)[0m  [1mSELECT `schema_migrations`.`version` FROM `schema_migrations` [0m
Migrating to CreateSpdxDocs (20130304200222)
Migrating to CreatePackages (20130304202129)
Migrating to CreateChecksums (20130304203151)
Migrating to CreateLicenses (20130306061522)
Migrating to CreatePackageFiles (20130306063020)
Migrating to RemoveChecksumIdFromPackageFile (20130306063422)
  [1m[35m (19.2ms)[0m  ALTER TABLE `package_files` DROP `checksum_id`
  [1m[36m (0.4ms)[0m  [1mINSERT INTO `schema_migrations` (`version`) VALUES ('20130306063422')[0m
  [1m[35m (0.2ms)[0m  SELECT `schema_migrations`.`version` FROM `schema_migrations` 
Connecting to database specified by database.yml
Connecting to database specified by database.yml
  [1m[36m (0.3ms)[0m  [1mSELECT `schema_migrations`.`version` FROM `schema_migrations` [0m
Migrating to CreateSpdxDocs (20130304200222)
Migrating to CreatePackages (20130304202129)
Migrating to CreateChecksums (20130304203151)
Migrating to CreateLicenses (20130306061522)
Migrating to CreatePackageFiles (20130306063020)
Migrating to RemoveChecksumIdFromPackageFile (20130306063422)
Migrating to CreateOptionalFields (20130306063713)
  [1m[35m (13.8ms)[0m  CREATE TABLE `optional_fields` (`id` int(11) DEFAULT NULL auto_increment PRIMARY KEY, `owner_id` int(11), `owner_type` varchar(255), `field_name` varchar(255), `field_data` text, `created_at` datetime NOT NULL, `updated_at` datetime NOT NULL) ENGINE=InnoDB
  [1m[36m (1.1ms)[0m  [1mINSERT INTO `schema_migrations` (`version`) VALUES ('20130306063713')[0m
  [1m[35m (0.3ms)[0m  SELECT `schema_migrations`.`version` FROM `schema_migrations` 
Connecting to database specified by database.yml
